c:\skeleton\yolo_cpu\x64\debug\vc143.pdb
c:\skeleton\yolo_cpu\x64\debug\vc143.idb
c:\skeleton\yolo_cpu\x64\debug\yolov2_forward_network_quantized.obj
c:\skeleton\yolo_cpu\x64\debug\yolov2_forward_network.obj
c:\skeleton\yolo_cpu\x64\debug\main.obj
c:\skeleton\yolo_cpu\x64\debug\box.obj
c:\skeleton\yolo_cpu\x64\debug\additionally.obj
c:\skeleton\bin\yolo_cpu.exe
c:\skeleton\bin\yolo_cpu.pdb
c:\skeleton\bin\yolo_cpu.ipdb
c:\skeleton\bin\yolo_cpu.iobj
c:\skeleton\yolo_cpu\x64\debug\yolo_cpu.ilk
c:\skeleton\yolo_cpu\x64\debug\yolo_cpu.tlog\cl.command.1.tlog
c:\skeleton\yolo_cpu\x64\debug\yolo_cpu.tlog\cl.items.tlog
c:\skeleton\yolo_cpu\x64\debug\yolo_cpu.tlog\cl.read.1.tlog
c:\skeleton\yolo_cpu\x64\debug\yolo_cpu.tlog\cl.write.1.tlog
c:\skeleton\yolo_cpu\x64\debug\yolo_cpu.tlog\link.command.1.tlog
c:\skeleton\yolo_cpu\x64\debug\yolo_cpu.tlog\link.read.1.tlog
c:\skeleton\yolo_cpu\x64\debug\yolo_cpu.tlog\link.secondary.1.tlog
c:\skeleton\yolo_cpu\x64\debug\yolo_cpu.tlog\link.write.1.tlog
