  additionally.c
C:\skeleton\src\additionally.h(46,32): warning C4244: 'return': conversion from 'double' to 'float', possible loss of data
  (compiling source file 'src/additionally.c')
  
C:\skeleton\src\additionally.h(47,29): warning C4244: 'return': conversion from 'double' to 'float', possible loss of data
  (compiling source file 'src/additionally.c')
  
C:\skeleton\src\additionally.h(45,17): warning C4244: 'initializing': conversion from 'double' to 'int', possible loss of data
  (compiling source file 'src/additionally.c')
  
C:\skeleton\src\additionally.h(56,64): warning C4244: 'return': conversion from 'double' to 'float', possible loss of data
  (compiling source file 'src/additionally.c')
  
C:\skeleton\src\additionally.h(57,78): warning C4244: 'return': conversion from 'double' to 'float', possible loss of data
  (compiling source file 'src/additionally.c')
  
C:\skeleton\src\additionally.h(59,67): warning C4244: 'return': conversion from 'double' to 'float', possible loss of data
  (compiling source file 'src/additionally.c')
  
C:\skeleton\src\additionally.h(60,64): warning C4244: 'return': conversion from 'double' to 'float', possible loss of data
  (compiling source file 'src/additionally.c')
  
C:\skeleton\src\additionally.h(61,65): warning C4244: 'return': conversion from 'double' to 'float', possible loss of data
  (compiling source file 'src/additionally.c')
  
C:\skeleton\src\additionally.h(62,64): warning C4244: 'return': conversion from 'double' to 'float', possible loss of data
  (compiling source file 'src/additionally.c')
  
C:\skeleton\src\additionally.h(63,74): warning C4244: 'return': conversion from 'double' to 'float', possible loss of data
  (compiling source file 'src/additionally.c')
  
C:\skeleton\src\additionally.h(66,32): warning C4244: 'return': conversion from 'double' to 'float', possible loss of data
  (compiling source file 'src/additionally.c')
  
C:\skeleton\src\additionally.h(67,42): warning C4244: 'return': conversion from 'double' to 'float', possible loss of data
  (compiling source file 'src/additionally.c')
  
C:\skeleton\src\additionally.h(68,23): warning C4244: 'return': conversion from 'double' to 'float', possible loss of data
  (compiling source file 'src/additionally.c')
  
C:\skeleton\src\additionally.h(73,31): warning C4244: 'return': conversion from 'double' to 'float', possible loss of data
  (compiling source file 'src/additionally.c')
  
C:\skeleton\src\additionally.h(74,40): warning C4244: 'return': conversion from 'double' to 'float', possible loss of data
  (compiling source file 'src/additionally.c')
  
C:\skeleton\src\additionally.c(75,53): warning C4267: 'initializing': conversion from 'size_t' to 'int', possible loss of data
C:\skeleton\src\additionally.c(159,31): warning C4244: '=': conversion from 'double' to 'float', possible loss of data
C:\skeleton\src\additionally.c(179,82): warning C4244: 'return': conversion from 'unsigned long' to 'uint8_t', possible loss of data
C:\skeleton\src\additionally.c(238,13): warning C4068: unknown pragma 'unroll'
C:\skeleton\src\additionally.c(241,13): warning C4068: unknown pragma 'unroll'
C:\skeleton\src\additionally.c(260,25): warning C4133: 'function': incompatible types - from 'uint32_t *' to 'const unsigned char *const '
C:\skeleton\src\additionally.c(260,48): warning C4133: 'function': incompatible types - from 'uint32_t *' to 'unsigned char *const '
C:\skeleton\src\additionally.c(349,19): warning C4101: 'c_pack': unreferenced local variable
C:\skeleton\src\additionally.c(479,21): warning C4244: 'function': conversion from 'int' to 'float', possible loss of data
C:\skeleton\src\additionally.c(480,21): warning C4244: 'function': conversion from 'int' to 'float', possible loss of data
C:\skeleton\src\additionally.c(481,21): warning C4244: 'function': conversion from 'int' to 'float', possible loss of data
C:\skeleton\src\additionally.c(482,21): warning C4244: 'function': conversion from 'int' to 'float', possible loss of data
C:\skeleton\src\additionally.c(483,21): warning C4244: 'function': conversion from 'int' to 'float', possible loss of data
C:\skeleton\src\additionally.c(484,21): warning C4244: 'function': conversion from 'int' to 'float', possible loss of data
C:\skeleton\src\additionally.c(485,21): warning C4244: 'function': conversion from 'int' to 'float', possible loss of data
C:\skeleton\src\additionally.c(486,21): warning C4244: 'function': conversion from 'int' to 'float', possible loss of data
C:\skeleton\src\additionally.c(689,42): warning C4133: 'function': incompatible types - from 'float *' to 'unsigned char *const '
C:\skeleton\src\additionally.c(703,42): warning C4133: 'function': incompatible types - from 'float *' to 'unsigned char *const '
C:\skeleton\src\additionally.c(717,42): warning C4133: 'function': incompatible types - from 'float *' to 'unsigned char *const '
C:\skeleton\src\additionally.c(731,42): warning C4133: 'function': incompatible types - from 'float *' to 'unsigned char *const '
C:\skeleton\src\additionally.c(745,42): warning C4133: 'function': incompatible types - from 'float *' to 'unsigned char *const '
C:\skeleton\src\additionally.c(677,31): warning C4133: 'initializing': incompatible types - from 'unsigned char *' to 'uint16_t *'
C:\skeleton\src\additionally.c(785,29): warning C4244: '=': conversion from 'double' to 'float', possible loss of data
C:\skeleton\src\additionally.c(898,45): warning C4244: 'return': conversion from 'unsigned __int64' to 'int', possible loss of data
C:\skeleton\src\additionally.c(935,9): warning C4244: 'return': conversion from '__int64' to 'int', possible loss of data
C:\skeleton\src\additionally.c(989,17): warning C4244: '=': conversion from '__int64' to 'int', possible loss of data
C:\skeleton\src\additionally.c(1377,22): warning C4267: 'function': conversion from 'size_t' to 'int', possible loss of data
C:\skeleton\src\additionally.c(1395,28): warning C4267: 'function': conversion from 'size_t' to 'int', possible loss of data
C:\skeleton\src\additionally.c(1464,19): warning C4244: '=': conversion from 'double' to 'float', possible loss of data
C:\skeleton\src\additionally.c(1540,15): warning C4244: 'return': conversion from 'double' to 'float', possible loss of data
C:\skeleton\src\additionally.c(1569,12): warning C4244: 'return': conversion from 'double' to 'float', possible loss of data
C:\skeleton\src\additionally.c(1580,12): warning C4244: 'return': conversion from 'double' to 'float', possible loss of data
C:\skeleton\src\additionally.c(1608,28): warning C4244: 'return': conversion from 'double' to 'float', possible loss of data
C:\skeleton\src\additionally.c(1618,24): warning C4244: 'return': conversion from 'double' to 'float', possible loss of data
C:\skeleton\src\additionally.c(2197,66): warning C4244: '=': conversion from 'double' to 'float', possible loss of data
C:\skeleton\src\additionally.c(2161,19): warning C4244: 'initializing': conversion from 'double' to 'float', possible loss of data
C:\skeleton\src\additionally.c(2388,61): warning C4244: '=': conversion from 'double' to 'float', possible loss of data
C:\skeleton\src\additionally.c(2445,13): warning C4244: 'initializing': conversion from 'double' to 'int', possible loss of data
C:\skeleton\src\additionally.c(2446,13): warning C4244: 'initializing': conversion from 'double' to 'int', possible loss of data
C:\skeleton\src\additionally.c(2581,19): warning C4244: 'return': conversion from 'double' to 'float', possible loss of data
C:\skeleton\src\additionally.c(2589,19): warning C4244: 'return': conversion from 'double' to 'float', possible loss of data
C:\skeleton\src\additionally.c(2766,53): warning C4305: 'function': truncation from 'double' to 'float'
C:\skeleton\src\additionally.c(2787,19): warning C4267: 'initializing': conversion from 'size_t' to 'int', possible loss of data
C:\skeleton\src\additionally.c(2794,26): warning C4244: 'initializing': conversion from 'double' to 'float', possible loss of data
C:\skeleton\src\additionally.c(2807,19): warning C4267: 'initializing': conversion from 'size_t' to 'int', possible loss of data
C:\skeleton\src\additionally.c(2844,53): warning C4305: 'function': truncation from 'double' to 'float'
C:\skeleton\src\additionally.c(2853,19): warning C4267: 'initializing': conversion from 'size_t' to 'int', possible loss of data
C:\skeleton\src\additionally.c(2860,26): warning C4244: 'initializing': conversion from 'double' to 'float', possible loss of data
C:\skeleton\src\additionally.c(2946,15): warning C4267: 'initializing': conversion from 'size_t' to 'int', possible loss of data
C:\skeleton\src\additionally.c(3052,70): warning C4305: 'function': truncation from 'double' to 'float'
C:\skeleton\src\additionally.c(3053,60): warning C4305: 'function': truncation from 'double' to 'float'
C:\skeleton\src\additionally.c(3054,54): warning C4305: 'function': truncation from 'double' to 'float'
C:\skeleton\src\additionally.c(3083,52): warning C4305: 'function': truncation from 'double' to 'float'
C:\skeleton\src\additionally.c(3084,52): warning C4305: 'function': truncation from 'double' to 'float'
C:\skeleton\src\additionally.c(3085,54): warning C4305: 'function': truncation from 'double' to 'float'
C:\skeleton\src\additionally.c(3065,19): warning C4267: 'initializing': conversion from 'size_t' to 'int', possible loss of data
C:\skeleton\src\additionally.c(3074,26): warning C4244: 'initializing': conversion from 'double' to 'float', possible loss of data
C:\skeleton\src\additionally.c(3115,19): warning C4267: 'initializing': conversion from 'size_t' to 'int', possible loss of data
C:\skeleton\src\additionally.c(3125,27): warning C4244: 'initializing': conversion from 'double' to 'float', possible loss of data
C:\skeleton\src\additionally.c(3475,50): warning C4244: '=': conversion from 'double' to 'float', possible loss of data
C:\skeleton\src\additionally.c(3476,50): warning C4244: '=': conversion from 'double' to 'float', possible loss of data
C:\skeleton\src\additionally.c(3495,54): warning C4244: '=': conversion from 'double' to 'float', possible loss of data
C:\skeleton\src\additionally.c(3496,58): warning C4244: '=': conversion from 'double' to 'float', possible loss of data
C:\skeleton\src\additionally.c(3748,11): warning C4244: 'function': conversion from 'time_t' to 'unsigned int', possible loss of data
C:\skeleton\src\additionally.c(3767,26): warning C4305: 'initializing': truncation from 'double' to 'const float'
C:\skeleton\src\additionally.c(3768,17): warning C4305: 'initializing': truncation from 'double' to 'float'
  box.c
C:\skeleton\src\box.c(101,12): warning C4244: 'return': conversion from 'double' to 'float', possible loss of data
C:\skeleton\src\box.c(139,16): warning C4305: 'initializing': truncation from 'double' to 'float'
C:\skeleton\src\box.c(140,19): warning C4305: 'initializing': truncation from 'double' to 'float'
C:\skeleton\src\box.c(141,22): warning C4305: 'initializing': truncation from 'double' to 'float'
C:\skeleton\src\box.c(142,25): warning C4305: 'initializing': truncation from 'double' to 'float'
C:\skeleton\src\box.c(144,22): warning C4305: 'initializing': truncation from 'double' to 'float'
C:\skeleton\src\box.c(144,26): warning C4305: 'initializing': truncation from 'double' to 'float'
C:\skeleton\src\box.c(161,16): warning C4305: 'initializing': truncation from 'double' to 'float'
C:\skeleton\src\box.c(162,19): warning C4305: 'initializing': truncation from 'double' to 'float'
C:\skeleton\src\box.c(163,22): warning C4305: 'initializing': truncation from 'double' to 'float'
C:\skeleton\src\box.c(164,25): warning C4305: 'initializing': truncation from 'double' to 'float'
C:\skeleton\src\box.c(166,22): warning C4305: 'initializing': truncation from 'double' to 'float'
C:\skeleton\src\box.c(166,26): warning C4305: 'initializing': truncation from 'double' to 'float'
C:\skeleton\src\box.c(186,16): warning C4305: 'initializing': truncation from 'double' to 'float'
C:\skeleton\src\box.c(187,19): warning C4305: 'initializing': truncation from 'double' to 'float'
C:\skeleton\src\box.c(188,22): warning C4305: 'initializing': truncation from 'double' to 'float'
C:\skeleton\src\box.c(189,25): warning C4305: 'initializing': truncation from 'double' to 'float'
C:\skeleton\src\box.c(191,21): warning C4305: 'initializing': truncation from 'double' to 'float'
C:\skeleton\src\box.c(191,25): warning C4305: 'initializing': truncation from 'double' to 'float'
C:\skeleton\src\box.c(226,51): warning C4244: '=': conversion from 'double' to 'float', possible loss of data
C:\skeleton\src\box.c(227,51): warning C4244: '=': conversion from 'double' to 'float', possible loss of data
C:\skeleton\src\box.c(228,51): warning C4244: '=': conversion from 'double' to 'float', possible loss of data
C:\skeleton\src\box.c(229,51): warning C4244: '=': conversion from 'double' to 'float', possible loss of data
C:\skeleton\src\box.c(355,16): warning C4244: '=': conversion from 'double' to 'float', possible loss of data
C:\skeleton\src\box.c(356,16): warning C4244: '=': conversion from 'double' to 'float', possible loss of data
C:\skeleton\src\box.c(365,29): warning C4244: '=': conversion from 'double' to 'float', possible loss of data
C:\skeleton\src\box.c(366,29): warning C4244: '=': conversion from 'double' to 'float', possible loss of data
  main.c
C:\skeleton\src\additionally.h(46,32): warning C4244: 'return': conversion from 'double' to 'float', possible loss of data
  (compiling source file 'src/main.c')
  
C:\skeleton\src\additionally.h(47,29): warning C4244: 'return': conversion from 'double' to 'float', possible loss of data
  (compiling source file 'src/main.c')
  
C:\skeleton\src\additionally.h(45,17): warning C4244: 'initializing': conversion from 'double' to 'int', possible loss of data
  (compiling source file 'src/main.c')
  
C:\skeleton\src\additionally.h(56,64): warning C4244: 'return': conversion from 'double' to 'float', possible loss of data
  (compiling source file 'src/main.c')
  
C:\skeleton\src\additionally.h(57,78): warning C4244: 'return': conversion from 'double' to 'float', possible loss of data
  (compiling source file 'src/main.c')
  
C:\skeleton\src\additionally.h(59,67): warning C4244: 'return': conversion from 'double' to 'float', possible loss of data
  (compiling source file 'src/main.c')
  
C:\skeleton\src\additionally.h(60,64): warning C4244: 'return': conversion from 'double' to 'float', possible loss of data
  (compiling source file 'src/main.c')
  
C:\skeleton\src\additionally.h(61,65): warning C4244: 'return': conversion from 'double' to 'float', possible loss of data
  (compiling source file 'src/main.c')
  
C:\skeleton\src\additionally.h(62,64): warning C4244: 'return': conversion from 'double' to 'float', possible loss of data
  (compiling source file 'src/main.c')
  
C:\skeleton\src\additionally.h(63,74): warning C4244: 'return': conversion from 'double' to 'float', possible loss of data
  (compiling source file 'src/main.c')
  
C:\skeleton\src\additionally.h(66,32): warning C4244: 'return': conversion from 'double' to 'float', possible loss of data
  (compiling source file 'src/main.c')
  
C:\skeleton\src\additionally.h(67,42): warning C4244: 'return': conversion from 'double' to 'float', possible loss of data
  (compiling source file 'src/main.c')
  
C:\skeleton\src\additionally.h(68,23): warning C4244: 'return': conversion from 'double' to 'float', possible loss of data
  (compiling source file 'src/main.c')
  
C:\skeleton\src\additionally.h(73,31): warning C4244: 'return': conversion from 'double' to 'float', possible loss of data
  (compiling source file 'src/main.c')
  
C:\skeleton\src\additionally.h(74,40): warning C4244: 'return': conversion from 'double' to 'float', possible loss of data
  (compiling source file 'src/main.c')
  
C:\skeleton\src\main.c(128,26): warning C4244: 'initializing': conversion from 'double' to 'int', possible loss of data
C:\skeleton\src\main.c(154,36): warning C4244: 'initializing': conversion from 'double' to 'int', possible loss of data
C:\skeleton\src\main.c(155,37): warning C4244: 'initializing': conversion from 'double' to 'int', possible loss of data
C:\skeleton\src\main.c(156,35): warning C4244: 'initializing': conversion from 'double' to 'int', possible loss of data
C:\skeleton\src\main.c(157,35): warning C4244: 'initializing': conversion from 'double' to 'int', possible loss of data
C:\skeleton\src\main.c(223,19): warning C4305: '=': truncation from 'double' to 'float'
C:\skeleton\src\main.c(199,17): warning C4305: 'initializing': truncation from 'double' to 'float'
  yolov2_forward_network.c
C:\skeleton\src\additionally.h(46,32): warning C4244: 'return': conversion from 'double' to 'float', possible loss of data
  (compiling source file 'src/yolov2_forward_network.c')
  
C:\skeleton\src\additionally.h(47,29): warning C4244: 'return': conversion from 'double' to 'float', possible loss of data
  (compiling source file 'src/yolov2_forward_network.c')
  
C:\skeleton\src\additionally.h(45,17): warning C4244: 'initializing': conversion from 'double' to 'int', possible loss of data
  (compiling source file 'src/yolov2_forward_network.c')
  
C:\skeleton\src\additionally.h(56,64): warning C4244: 'return': conversion from 'double' to 'float', possible loss of data
  (compiling source file 'src/yolov2_forward_network.c')
  
C:\skeleton\src\additionally.h(57,78): warning C4244: 'return': conversion from 'double' to 'float', possible loss of data
  (compiling source file 'src/yolov2_forward_network.c')
  
C:\skeleton\src\additionally.h(59,67): warning C4244: 'return': conversion from 'double' to 'float', possible loss of data
  (compiling source file 'src/yolov2_forward_network.c')
  
C:\skeleton\src\additionally.h(60,64): warning C4244: 'return': conversion from 'double' to 'float', possible loss of data
  (compiling source file 'src/yolov2_forward_network.c')
  
C:\skeleton\src\additionally.h(61,65): warning C4244: 'return': conversion from 'double' to 'float', possible loss of data
  (compiling source file 'src/yolov2_forward_network.c')
  
C:\skeleton\src\additionally.h(62,64): warning C4244: 'return': conversion from 'double' to 'float', possible loss of data
  (compiling source file 'src/yolov2_forward_network.c')
  
C:\skeleton\src\additionally.h(63,74): warning C4244: 'return': conversion from 'double' to 'float', possible loss of data
  (compiling source file 'src/yolov2_forward_network.c')
  
C:\skeleton\src\additionally.h(66,32): warning C4244: 'return': conversion from 'double' to 'float', possible loss of data
  (compiling source file 'src/yolov2_forward_network.c')
  
C:\skeleton\src\additionally.h(67,42): warning C4244: 'return': conversion from 'double' to 'float', possible loss of data
  (compiling source file 'src/yolov2_forward_network.c')
  
C:\skeleton\src\additionally.h(68,23): warning C4244: 'return': conversion from 'double' to 'float', possible loss of data
  (compiling source file 'src/yolov2_forward_network.c')
  
C:\skeleton\src\additionally.h(73,31): warning C4244: 'return': conversion from 'double' to 'float', possible loss of data
  (compiling source file 'src/yolov2_forward_network.c')
  
C:\skeleton\src\additionally.h(74,40): warning C4244: 'return': conversion from 'double' to 'float', possible loss of data
  (compiling source file 'src/yolov2_forward_network.c')
  
  yolov2_forward_network_quantized.c
C:\skeleton\src\additionally.h(46,32): warning C4244: 'return': conversion from 'double' to 'float', possible loss of data
  (compiling source file 'src/yolov2_forward_network_quantized.c')
  
C:\skeleton\src\additionally.h(47,29): warning C4244: 'return': conversion from 'double' to 'float', possible loss of data
  (compiling source file 'src/yolov2_forward_network_quantized.c')
  
C:\skeleton\src\additionally.h(45,17): warning C4244: 'initializing': conversion from 'double' to 'int', possible loss of data
  (compiling source file 'src/yolov2_forward_network_quantized.c')
  
C:\skeleton\src\additionally.h(56,64): warning C4244: 'return': conversion from 'double' to 'float', possible loss of data
  (compiling source file 'src/yolov2_forward_network_quantized.c')
  
C:\skeleton\src\additionally.h(57,78): warning C4244: 'return': conversion from 'double' to 'float', possible loss of data
  (compiling source file 'src/yolov2_forward_network_quantized.c')
  
C:\skeleton\src\additionally.h(59,67): warning C4244: 'return': conversion from 'double' to 'float', possible loss of data
  (compiling source file 'src/yolov2_forward_network_quantized.c')
  
C:\skeleton\src\additionally.h(60,64): warning C4244: 'return': conversion from 'double' to 'float', possible loss of data
  (compiling source file 'src/yolov2_forward_network_quantized.c')
  
C:\skeleton\src\additionally.h(61,65): warning C4244: 'return': conversion from 'double' to 'float', possible loss of data
  (compiling source file 'src/yolov2_forward_network_quantized.c')
  
C:\skeleton\src\additionally.h(62,64): warning C4244: 'return': conversion from 'double' to 'float', possible loss of data
  (compiling source file 'src/yolov2_forward_network_quantized.c')
  
C:\skeleton\src\additionally.h(63,74): warning C4244: 'return': conversion from 'double' to 'float', possible loss of data
  (compiling source file 'src/yolov2_forward_network_quantized.c')
  
C:\skeleton\src\additionally.h(66,32): warning C4244: 'return': conversion from 'double' to 'float', possible loss of data
  (compiling source file 'src/yolov2_forward_network_quantized.c')
  
C:\skeleton\src\additionally.h(67,42): warning C4244: 'return': conversion from 'double' to 'float', possible loss of data
  (compiling source file 'src/yolov2_forward_network_quantized.c')
  
C:\skeleton\src\additionally.h(68,23): warning C4244: 'return': conversion from 'double' to 'float', possible loss of data
  (compiling source file 'src/yolov2_forward_network_quantized.c')
  
C:\skeleton\src\additionally.h(73,31): warning C4244: 'return': conversion from 'double' to 'float', possible loss of data
  (compiling source file 'src/yolov2_forward_network_quantized.c')
  
C:\skeleton\src\additionally.h(74,40): warning C4244: 'return': conversion from 'double' to 'float', possible loss of data
  (compiling source file 'src/yolov2_forward_network_quantized.c')
  
C:\skeleton\src\yolov2_forward_network_quantized.c(214,60): warning C4244: '=': conversion from 'float' to 'int', possible loss of data
C:\skeleton\src\yolov2_forward_network_quantized.c(130,38): warning C4244: 'initializing': conversion from 'float' to 'int16_t', possible loss of data
C:\skeleton\src\yolov2_forward_network_quantized.c(225,43): warning C4244: 'initializing': conversion from 'float' to 'int16_t', possible loss of data
C:\skeleton\src\yolov2_forward_network_quantized.c(358,68): warning C4244: 'function': conversion from 'float' to 'int', possible loss of data
C:\skeleton\src\yolov2_forward_network_quantized.c(366,48): warning C4244: 'function': conversion from 'float' to 'int', possible loss of data
C:\skeleton\src\yolov2_forward_network_quantized.c(419,68): warning C4244: '=': conversion from 'float' to 'int', possible loss of data
C:\skeleton\src\yolov2_forward_network_quantized.c(403,51): warning C4267: 'initializing': conversion from 'size_t' to 'int', possible loss of data
C:\skeleton\src\yolov2_forward_network_quantized.c(424,87): warning C4244: 'initializing': conversion from 'float' to 'int', possible loss of data
  Generating Code...
  yolo_cpu.vcxproj -> C:\skeleton\bin\yolo_cpu.exe
